<?xml version="1.0" encoding="UTF-8" ?>
<testsuites disabled="0" errors="0" failures="0" tests="13" time="0.02">
 <testsuite name="Testing RequestLogger" timestamp="2020-02-02T21:18:49" hostname="localhost" time="0.007" errors="0" tests="2" skipped="0" disabled="0" failures="0">
  <testcase classname="Testing RequestLogger" name="next should be called" time="0.004" />
  <testcase classname="Testing RequestLogger" name="Request should be logged in file" time="0.001" />
 </testsuite>
 <testsuite name="Testing Errorlogger" timestamp="2020-02-02T21:18:49" hostname="localhost" time="0.004" errors="0" tests="3" skipped="0" disabled="0" failures="0">
  <testcase classname="Testing Errorlogger" name="Response status set to 500 by default for Error" time="0.001" />
  <testcase classname="Testing Errorlogger" name="Response Should Contain Error Message" time="0.001" />
  <testcase classname="Testing Errorlogger" name="Response status is set using Error status" time="0" />
 </testsuite>
 <testsuite name="testing of user data" timestamp="2020-02-02T21:18:49" hostname="localhost" time="0.004" errors="0" tests="2" skipped="0" disabled="0" failures="0">
  <testcase classname="testing of user data" name="testing" time="0.001" />
  <testcase classname="testing of user data" name="testing" time="0" />
 </testsuite>
 <testsuite name="testing of user data" timestamp="2020-02-02T21:18:49" hostname="localhost" time="0.005" errors="0" tests="6" skipped="0" disabled="0" failures="0">
  <testcase classname="testing of user data" name="testing" time="0" />
  <testcase classname="testing of user data" name="testing" time="0.001" />
  <testcase classname="testing of user data" name="testing" time="0" />
  <testcase classname="testing of user data" name="testing" time="0" />
  <testcase classname="testing of user data" name="testing" time="0" />
  <testcase classname="testing of user data" name="testing" time="0" />
 </testsuite>
</testsuites>